[www.reservhotel.com/freeport-bahamas/grand-lucayan-resort/booking-engine/ibe5_extras5587.html]
[backblue.gif]
[fade.gif]
[index.html]
[www.reservhotel.com/ibe5/assets/css/extras.css]
[maxcdn.bootstrapcdn.com/bootstrap/4.0.0-alpha.6/css/bootstrap.min.css]
[www.reservhotel.com/ibe5/assets/css/modal_index.css]
[www.reservhotel.com/ibe5/assets/css/jquery.fancybox.css]
[www.reservhotel.com/ibe5/assets/css/font_awesome/css/font-awesome.min.css]
[www.reservhotel.com/ibe5/assets/js/jquery-3.5.1.min.js]
[cdnjs.cloudflare.com/ajax/libs/tether/1.4.3/js/tether.min.js]
[maxcdn.bootstrapcdn.com/bootstrap/4.0.0-alpha.6/js/bootstrap.min.js]
[www.reservhotel.com/ibe5/assets/js/script-ck.js]
[www.reservhotel.com/ibe5/assets/js/libs/jquery.fancybox.pack.js]
[www.reservhotel.com/ibe5/assets/js/libs/jquery.flexslider.min.js]
[www.reservhotel.com/ibe5/assets/js/libs/jquery-ui-1.10.3.custom.min.js]
[www.reservhotel.com/ibe5/assets/js/libs/jquery.cookie.js]
[www.google.com/recaptcha/api8027.js]
[www.reservhotel.com/ibe5/assets/images/right-arrow-selected.png]
[www.reservhotel.com/freeport-bahamas/grand-lucayan-resort/booking-engine/html/airlink/transition.php]
[www.google-analytics.com/analytics.js]
[www.reservhotel.com/freeport-bahamas/grand-lucayan-resort/booking-engine/linkid.js]
[www.reservhotel.com/cdn-cgi/bm/cv/669835187/api.js]
[www.reservhotel.com/ibe5/assets/images/icon_hamburgermenu.png]
[www.reservhotel.com/fastlink/17037/17037_UBI_001.jpg]
[www.reservhotel.com/freeport-bahamas/grand-lucayan-resort/booking-engine/ibe573f6.html]
[www.reservhotel.com/freeport-bahamas/grand-lucayan-resort/booking-engine/ibe5_rooms78ea.html]
[www.reservhotel.com/html/airlink/Images/bl.jpg]
[www.reservhotel.com/html/airlink/Images/balearia12.jpg]
[www.reservhotel.com/html/airlink/Images/balearia2.jpg]
[www.reservhotel.com/html/airlink/Images/amenities/Insurance.jpg]
[www.reservhotel.com/html/airlink/InsuranceBrochure2018.pdf]
[www.reservhotel.com/html/airlink/itravelFAQ.pdf]
[www.reservhotel.com/html/airlink/Images/amenities/Airport-Transfer-Private.jpg]
[www.reservhotel.com/ibe5/assets/images/secure-shopping.png]
[www.reservhotel.com/ibe4/assets/images/rhlogo.png]
[www.reservhotel.com/ibe5/assets/images/loader/page-load-bar-loop.gif]
[www.reservhotel.com/freeport-bahamas/grand-lucayan-resort/booking-engine/ibe5_extras5587.html]
[www.googleadservices.com/pagead/f.txt]
[googleads.g.doubleclick.net/pagead/viewthroughconversion/882195406/indexa96a.html]
[fonts.googleapis.com/css3f04.css]
[www.reservhotel.com/freeport-bahamas/grand-lucayan-resort/booking-engine/html/airlink/transition.html]
[www.reservhotel.com/hotel_fastlink_js/17037.js]
[www.reservhotel.com/ibe5/assets/css/bootstrap.min.css]
[www.reservhotel.com/ibe5/assets/css/index2ca0.css]
[www.reservhotel.com/ibe5/assets/css/owl.carousel.min.css]
[www.reservhotel.com/ibe5/assets/css/style-m.css]
[www.reservhotel.com/ibe5/assets/js/libs/datepicker_extension_min.js]
[www.reservhotel.com/ibe5/assets/js/libs/bootstrap.min.js]
[www.reservhotel.com/ibe5/assets/js/libs/jquery.fancybox.pack.min.js]
[www.reservhotel.com/ibe5/assets/js/new_owl.js]
[www.reservhotel.com/ibe5/assets/js/owl.carousel.min.js]
[www.reservhotel.com/freeport-bahamas/grand-lucayan-resort/booking-engine/ibe59d15.javascript]
[www.reservhotel.com/ibe5/assets/js/slider.js]
[www.reservhotel.com/freeport-bahamas/grand-lucayan-resort/booking-engine/ibe573f6.html]
[www.reservhotel.com/ibe5/assets/css/flexslider.css]
[www.reservhotel.com/ibe5/assets/css/index.css]
[www.reservhotel.com/ibe5/assets/css/rooms.css]
[www.reservhotel.com/ibe5/assets/js/libs/picture.js]
[www.reservhotel.com/ibe5/assets/css/fancybox_overlay.png]
[www.reservhotel.com/freeport-bahamas/grand-lucayan-resort/booking-engine/imagenes/bg.png]
[www.reservhotel.com/freeport-bahamas/grand-lucayan-resort/booking-engine/ibe5cc02.html]
[www.reservhotel.com/freeport-bahamas/grand-lucayan-resort/booking-engine/ibe5f760.html]
[www.reservhotel.com/freeport-bahamas/grand-lucayan-resort/booking-engine/ibe5_rooms78ea.html]
[static.cloudflareinsights.com/beacon.min.js]
[www.reservhotel.com/freeport-bahamas/grand-lucayan-resort/booking-engine/ibe5cc02.html]
[www.reservhotel.com/freeport-bahamas/grand-lucayan-resort/booking-engine/ibe587a8.javascript]
[www.reservhotel.com/freeport-bahamas/grand-lucayan-resort/booking-engine/ibe5c82a.html]
[www.reservhotel.com/freeport-bahamas/grand-lucayan-resort/booking-engine/ibe50d53.html]
[www.reservhotel.com/freeport-bahamas/grand-lucayan-resort/booking-engine/ibe5c640.html]
[www.reservhotel.com/freeport-bahamas/grand-lucayan-resort/booking-engine/ibe5fcfa.html]
[www.reservhotel.com/freeport-bahamas/grand-lucayan-resort/booking-engine/ibe5f760.html]
[www.reservhotel.com/freeport-bahamas/grand-lucayan-resort/booking-engine/ibe57254.html]
[www.reservhotel.com/hotel_fastlink_js/17033.js]
[www.reservhotel.com/freeport-bahamas/grand-lucayan-resort/booking-engine/ibe52bfa.javascript]
[www.reservhotel.com/fastlink/17033/17033_UBI_001.jpg]
[www.reservhotel.com/freeport-bahamas/grand-lucayan-resort/booking-engine/ibe5c82a.html]
[www.reservhotel.com/hotel_fastlink_js/17035.js]
[www.reservhotel.com/freeport-bahamas/grand-lucayan-resort/booking-engine/ibe51d2d.javascript]
[www.reservhotel.com/fastlink/17035/17035_UBI_001.jpg]
[www.reservhotel.com/freeport-bahamas/grand-lucayan-resort/booking-engine/ibe50d53.html]
[www.reservhotel.com/hotel_fastlink_js/17039.js]
[www.reservhotel.com/freeport-bahamas/grand-lucayan-resort/booking-engine/ibe5643b.javascript]
[www.reservhotel.com/fastlink/17039/a_17039.jpg]
[www.reservhotel.com/freeport-bahamas/grand-lucayan-resort/booking-engine/ibe5c640.html]
[www.reservhotel.com/hotel_fastlink_js/17032.js]
[www.reservhotel.com/freeport-bahamas/grand-lucayan-resort/booking-engine/ibe5d718.javascript]
[www.reservhotel.com/fastlink/17032/17032_UBI_001.jpg]
[www.reservhotel.com/freeport-bahamas/grand-lucayan-resort/booking-engine/ibe5fcfa.html]
[www.reservhotel.com/hotel_fastlink_js/17038.js]
[www.reservhotel.com/freeport-bahamas/grand-lucayan-resort/booking-engine/ibe5235c.javascript]
[www.reservhotel.com/fastlink/17038/17038_UBI_001.jpg]
[www.reservhotel.com/freeport-bahamas/grand-lucayan-resort/booking-engine/ibe57254.html]
[www.reservhotel.com/ibe5/assets/js/jquery-3.5.1.min.js]
[www.reservhotel.com/ibe5/assets/js/script-ck.js]
[maxcdn.bootstrapcdn.com/bootstrap/4.0.0-alpha.6/css/bootstrap.min.css]
[www.reservhotel.com/ibe5/assets/js/libs/jquery.fancybox.pack.js]
[www.reservhotel.com/ibe5/assets/js/libs/jquery.flexslider.min.js]
[maxcdn.bootstrapcdn.com/bootstrap/4.0.0-alpha.6/js/bootstrap.min.js]
[www.reservhotel.com/ibe5/assets/js/libs/jquery-ui-1.10.3.custom.min.js]
[www.reservhotel.com/ibe5/assets/js/libs/jquery.cookie.js]
[www.reservhotel.com/ibe5/assets/css/stylenew.css]
[www.google.com/recaptcha/api8027.js]
[cdnjs.cloudflare.com/ajax/libs/tether/1.4.3/js/tether.min.js]
[www.reservhotel.com/ibe5/assets/css/header.css]
[www.reservhotel.com/ibe5/assets/css/breadcrumb.css]
[www.reservhotel.com/html/airlink/InsuranceBrochure2018.pdf]
[www.reservhotel.com/html/airlink/itravelFAQ.pdf]
[www.reservhotel.com/ibe5/assets/css/footer.css]
[www.googleadservices.com/pagead/f.txt]
[googleads.g.doubleclick.net/pagead/viewthroughconversion/882195406/indexa96a.html]
[www.reservhotel.com/html/airlink/Images/amenities/Airport-Transfer-Private.jpg]
[www.reservhotel.com/ibe5/assets/images/loader/page-load-bar-loop.gif]
[www.reservhotel.com/ibe5/assets/js/libs/datepicker_extension_min.js]
[www.reservhotel.com/ibe5/assets/js/libs/bootstrap.min.js]
[www.reservhotel.com/ibe5/assets/images/layoutoption2_gray_icon.53.delayed]
[www.reservhotel.com/ibe5/assets/js/new_owl.js]
[www.reservhotel.com/freeport-bahamas/grand-lucayan-resort/booking-engine/ibe59d15.javascript]
[www.reservhotel.com/ibe5/assets/js/owl.carousel.min.js]
[www.reservhotel.com/ibe5/assets/images/layoutoption2_black_icon.png]
[www.reservhotel.com/hotel_fastlink_js/17033.js]
[static.cloudflareinsights.com/beacon.min.js]
[www.reservhotel.com/freeport-bahamas/grand-lucayan-resort/booking-engine/ibe587a8.javascript]
[www.reservhotel.com/freeport-bahamas/grand-lucayan-resort/booking-engine/ibe52bfa.javascript]
[www.reservhotel.com/ibe5/assets/images/layoutoption3_black_icon.png]
[www.reservhotel.com/freeport-bahamas/grand-lucayan-resort/booking-engine/ibe51d2d.javascript]
[www.reservhotel.com/hotel_fastlink_js/17035.js]
[www.reservhotel.com/freeport-bahamas/grand-lucayan-resort/booking-engine/ibe5643b.javascript]
[www.reservhotel.com/ibe5/assets/images/flecha_abajo_btn.png]
[www.reservhotel.com/ibe5/assets/css/extras.css]
[www.reservhotel.com/ibe5/assets/css/modal_index.css]
[www.reservhotel.com/freeport-bahamas/grand-lucayan-resort/booking-engine/ibe5235c.javascript]
[www.reservhotel.com/freeport-bahamas/grand-lucayan-resort/booking-engine/ibe5d718.javascript]
[www.reservhotel.com/ibe5/assets/css/fancybox_sprite.png]
[www.reservhotel.com/ibe5/assets/css/fancybox_loading.gif]
[www.reservhotel.com/ibe5/assets/css/blank.gif]
[www.reservhotel.com/ibe5/assets/css/fancybox_sprite@2x.png]
[www.reservhotel.com/ibe5/assets/css/fancybox_loading@2x.gif]
[www.reservhotel.com/ibe5/assets/css/jquery.fancybox.css]
[www.reservhotel.com/ibe5/assets/css/font_awesome/css/font-awesome.min.css]
[www.reservhotel.com/freeport-bahamas/grand-lucayan-resort/booking-engine/linkid.html]
[www.googletagmanager.com/gtm5445.html]
[www.reservhotel.com/ibe5/assets/css/bootstrap.min.css]
[www.reservhotel.com/ibe5/assets/css/font_awesome/fonts/fontawesome-webfont3e6e.svg]
[www.reservhotel.com/ibe5/assets/images/right-arrow-white.png]
[www.reservhotel.com/ibe5/assets/images/mini-arrow-down2.png]
[www.reservhotel.com/ibe5/assets/images/cal-left.png]
[www.reservhotel.com/ibe5/assets/images/cal-right.png]
[www.reservhotel.com/ibe5/assets/css/index2ca0.css]
[www.reservhotel.com/ibe5/assets/css/owl.video.play.png]
[www.reservhotel.com/ibe5/assets/css/owl.carousel.min.css]
[www.reservhotel.com/ibe5/assets/css/style-m.css]
[www.reservhotel.com/ibe5/assets/css/fonts/flexslider-icon.eot]
[www.reservhotel.com/ibe5/assets/css/fonts/flexslider-icon.eot]
[www.reservhotel.com/ibe5/assets/css/fonts/flexslider-icond41d.eot]
[www.reservhotel.com/ibe5/assets/css/fonts/flexslider-icon.woff]
[www.reservhotel.com/ibe5/assets/css/fonts/flexslider-icon.woff]
[www.reservhotel.com/ibe5/assets/css/fonts/flexslider-icon.ttf]
[www.reservhotel.com/ibe5/assets/css/flexslider.css]
[www.reservhotel.com/ibe5/assets/css/index.css]
[www.reservhotel.com/ibe5/assets/css/fonts/flexslider-icon.svg]
[www.reservhotel.com/ibe5/assets/images/layoutoption1_black_icon.png]
[www.reservhotel.com/ibe5/assets/images/right-arrow-select.png]
[www.reservhotel.com/ibe5/assets/css/rooms.css]
[www.reservhotel.com/freeport-bahamas/grand-lucayan-resort/booking-engine/imagenes/bg.html]
[www.reservhotel.com/ibe5/assets/css/fonts/fira-sans/FiraSans-Regular.ttf]
[www.reservhotel.com/ibe5/assets/css/fonts/fira-sans/FiraSans-Bold.ttf]
[www.reservhotel.com/ibe5/assets/css/fonts/fira-sans/FiraSans-Thin.ttf]
[www.reservhotel.com/ibe5/assets/css/fonts/fira-sans/FiraSans-Medium.ttf]
[www.reservhotel.com/ibe5/assets/css/fonts/fira-sans/FiraSans-Light.ttf]
[www.reservhotel.com/ibe5/assets/css/fonts/fira-sans/FiraSans-Italic.ttf]
[www.reservhotel.com/ibe5/assets/css/fonts/fira-sans/FiraSans-SemiBold.ttf]
[www.reservhotel.com/ibe5/assets/css/fonts/fira-sans/FiraSans-ExtraLight.ttf]
[www.reservhotel.com/ibe5/assets/css/fonts/fira-sans/FiraSans-ExtraBold.ttf]
[www.reservhotel.com/ibe5/assets/css/fonts/fira-sans/FiraSans-Book.ttf]
[www.reservhotel.com/ibe5/assets/images/show-promotions.png]
[www.reservhotel.com/ibe5/assets/images/promos-tag-icon.png]
[www.reservhotel.com/ibe5/assets/images/email-icon.png]
[www.reservhotel.com/ibe5/assets/images/travel-sum-arrow-down.png]
[www.reservhotel.com/ibe5/assets/images/travel-sum-arrow-up.png]
[www.reservhotel.com/ibe5/assets/images/top-right-header-img-1440.jpg]
[www.reservhotel.com/ibe5/assets/images/us-flag.png]
[www.reservhotel.com/ibe5/assets/images/fr-flag.png]
[www.reservhotel.com/ibe5/assets/images/sp-flag.png]
[www.reservhotel.com/ibe5/assets/images/de-flag.png]
[www.reservhotel.com/ibe5/assets/images/po-flag.png]
[www.reservhotel.com/ibe5/assets/images/pol-flag.png]
[www.reservhotel.com/ibe5/assets/images/it-flag.png]
[www.reservhotel.com/ibe5/assets/images/nl-flag.png]
[www.reservhotel.com/ibe5/assets/images/cal-left-hover.png]
[www.reservhotel.com/ibe5/assets/images/cal-right-hover.png]
[www.reservhotel.com/ibe5/assets/images/pop-up-close.png]
[www.reservhotel.com/ibe5/assets/images/pop-up-close-hover.png]
[www.reservhotel.com/ibe5/assets/images/slider-big-left-arrow.png]
[www.reservhotel.com/ibe5/assets/images/long-dp-prev-up-arrow.png]
[www.reservhotel.com/ibe5/assets/images/slider-big-right-arrow.png]
[www.reservhotel.com/ibe5/assets/images/long-dp-next-down-arrow.png]
[www.reservhotel.com/ibe5/assets/images/slider-left-arrow.png]
[www.reservhotel.com/ibe5/assets/images/slider-left-arrow-hover.png]
[www.reservhotel.com/ibe5/assets/images/slider-right-arrow.png]
[www.reservhotel.com/ibe5/assets/images/slider-right-arrow-hover.png]
[www.reservhotel.com/ibe5/assets/images/fancybox-close-btn.png]
[www.reservhotel.com/ibe5/assets/images/fancybox-close-btn-hover.png]
[www.reservhotel.com/ibe5/assets/images/slider-nav-circ.png]
[www.reservhotel.com/ibe5/assets/images/slider-nav-circ-hover.png]
[www.reservhotel.com/ibe5/assets/images/hotel-remove-btn.png]
[www.reservhotel.com/ibe5/assets/images/hotel-remove-btn-hover.png]
[www.reservhotel.com/ibe5/assets/images/room-arrow-down.png]
[www.reservhotel.com/ibe5/assets/images/room-arrow-right.png]
[www.reservhotel.com/ibe5/assets/images/collapse-arrow-up.png]
[www.reservhotel.com/ibe5/assets/images/collapse-arrow-down.png]
[www.reservhotel.com/ibe5/assets/images/c-cards.png]
[www.reservhotel.com/ibe5/assets/images/green-help.png]
[www.reservhotel.com/ibe5/assets/images/gray-bullet.png]
[www.reservhotel.com/ibe5/assets/images/cal-icon.png]
[www.reservhotel.com/ibe5/assets/images/datedeparture_icon.png]
[www.reservhotel.com/ibe5/assets/images/datearrival_icon.png]
[www.reservhotel.com/ibe5/assets/images/time_icon.png]
[www.reservhotel.com/ibe5/assets/images/cruise.png]
[www.reservhotel.com/ibe5/assets/css/stylenew.css]
[www.reservhotel.com/ibe5/assets/images/icon_chat.png]
[www.reservhotel.com/ibe5/assets/images/icon_world.png]
[www.reservhotel.com/ibe5/assets/images/icon_coin.png]
[www.reservhotel.com/ibe5/assets/images/icon_coupon.png]
[www.reservhotel.com/ibe5/assets/css/header.css]
[www.reservhotel.com/ibe5/assets/images/flechapasos.png]
[www.reservhotel.com/ibe5/assets/css/breadcrumb.css]
[www.reservhotel.com/ibe5/assets/css/footer.css]
[www.reservhotel.com/ibe5/assets/images/layoutoption2_gray_icon.html]
[www.reservhotel.com/ibe5/assets/images/layoutoption2_black_icon.html]
[www.reservhotel.com/ibe5/assets/images/layoutoption3_black_icon.html]
[www.reservhotel.com/ibe5/assets/images/flecha_abajo_btn.html]
[www.reservhotel.com/ibe5/assets/css/font_awesome/fonts/fontawesome-webfont3e6e.svg]
[www.reservhotel.com/ibe5/assets/css/owl.video.play.html]
[www.reservhotel.com/ibe5/assets/css/fonts/flexslider-icon.svg]
[www.reservhotel.com/ibe5/assets/images/layoutoption1_black_icon.html]
[www.reservhotel.com/ibe5/assets/images/icon_world.html]
[www.reservhotel.com/freeport-bahamas/grand-lucayan-resort/booking-engine/ibe5c82a.html]
